android/app/build/intermediates/manifest_merge_blame_file/debug/manifest-merger-blame-debug-report.txt
1<?xml version="1.0" encoding="utf-8"?>
2<manifest xmlns:android="http://schemas.android.com/apk/res/android"
3    package="com.rickandmorty"
4    android:versionCode="1"
5    android:versionName="1.0" >
6
7    <uses-sdk
8        android:minSdkVersion="21"
9        android:targetSdkVersion="31" />
10
11    <uses-permission android:name="android.permission.SYSTEM_ALERT_WINDOW" />
11-->src/main/AndroidManifest.xml:7:5-78
11-->src/main/AndroidManifest.xml:7:22-75
12    <uses-permission android:name="android.permission.INTERNET" />
12-->src/main/AndroidManifest.xml:4:5-67
12-->src/main/AndroidManifest.xml:4:22-64
13    <uses-permission android:name="android.permission.VIBRATE" />
13-->src/main/AndroidManifest.xml:5:5-66
13-->src/main/AndroidManifest.xml:5:22-63
14    <uses-permission android:name="android.permission.RECEIVE_BOOT_COMPLETED" />
14-->src/main/AndroidManifest.xml:6:5-80
14-->src/main/AndroidManifest.xml:6:22-78
15    <uses-permission android:name="android.permission.ACCESS_WIFI_STATE" />
15-->[com.facebook.flipper:flipper:0.125.0] AndroidManifest.xml:16:5-76
15-->[com.facebook.flipper:flipper:0.125.0] AndroidManifest.xml:16:22-73
16    <uses-permission android:name="android.permission.ACCESS_NETWORK_STATE" />
16-->[com.google.firebase:firebase-messaging:21.1.0] AndroidManifest.xml:22:5-79
16-->[com.google.firebase:firebase-messaging:21.1.0] AndroidManifest.xml:22:22-76
17    <uses-permission android:name="android.permission.WAKE_LOCK" /> <!-- Required by older versions of Google Play services to create IID tokens -->
17-->[com.google.firebase:firebase-messaging:21.1.0] AndroidManifest.xml:23:5-68
17-->[com.google.firebase:firebase-messaging:21.1.0] AndroidManifest.xml:23:22-65
18    <uses-permission android:name="com.google.android.c2dm.permission.RECEIVE" /> <!-- for android -->
18-->[com.google.firebase:firebase-messaging:21.1.0] AndroidManifest.xml:25:5-82
18-->[com.google.firebase:firebase-messaging:21.1.0] AndroidManifest.xml:25:22-79
19    <!-- <uses-permission android:name="com.android.launcher.permission.READ_SETTINGS"/> -->
20    <!-- <uses-permission android:name="com.android.launcher.permission.WRITE_SETTINGS"/> -->
21    <!-- <uses-permission android:name="com.android.launcher.permission.INSTALL_SHORTCUT" /> -->
22    <!-- <uses-permission android:name="com.android.launcher.permission.UNINSTALL_SHORTCUT" /> -->
23    <!-- for Samsung -->
24    <uses-permission android:name="com.sec.android.provider.badge.permission.READ" />
24-->[me.leolin:ShortcutBadger:1.1.22] AndroidManifest.xml:19:5-86
24-->[me.leolin:ShortcutBadger:1.1.22] AndroidManifest.xml:19:22-83
25    <uses-permission android:name="com.sec.android.provider.badge.permission.WRITE" /> <!-- for htc -->
25-->[me.leolin:ShortcutBadger:1.1.22] AndroidManifest.xml:20:5-87
25-->[me.leolin:ShortcutBadger:1.1.22] AndroidManifest.xml:20:22-84
26    <uses-permission android:name="com.htc.launcher.permission.READ_SETTINGS" />
26-->[me.leolin:ShortcutBadger:1.1.22] AndroidManifest.xml:23:5-81
26-->[me.leolin:ShortcutBadger:1.1.22] AndroidManifest.xml:23:22-78
27    <uses-permission android:name="com.htc.launcher.permission.UPDATE_SHORTCUT" /> <!-- for sony -->
27-->[me.leolin:ShortcutBadger:1.1.22] AndroidManifest.xml:24:5-83
27-->[me.leolin:ShortcutBadger:1.1.22] AndroidManifest.xml:24:22-80
28    <uses-permission android:name="com.sonyericsson.home.permission.BROADCAST_BADGE" />
28-->[me.leolin:ShortcutBadger:1.1.22] AndroidManifest.xml:27:5-88
28-->[me.leolin:ShortcutBadger:1.1.22] AndroidManifest.xml:27:22-85
29    <uses-permission android:name="com.sonymobile.home.permission.PROVIDER_INSERT_BADGE" /> <!-- for apex -->
29-->[me.leolin:ShortcutBadger:1.1.22] AndroidManifest.xml:28:5-92
29-->[me.leolin:ShortcutBadger:1.1.22] AndroidManifest.xml:28:22-89
30    <uses-permission android:name="com.anddoes.launcher.permission.UPDATE_COUNT" /> <!-- for solid -->
30-->[me.leolin:ShortcutBadger:1.1.22] AndroidManifest.xml:31:5-84
30-->[me.leolin:ShortcutBadger:1.1.22] AndroidManifest.xml:31:22-81
31    <uses-permission android:name="com.majeur.launcher.permission.UPDATE_BADGE" /> <!-- for huawei -->
31-->[me.leolin:ShortcutBadger:1.1.22] AndroidManifest.xml:34:5-83
31-->[me.leolin:ShortcutBadger:1.1.22] AndroidManifest.xml:34:22-80
32    <uses-permission android:name="com.huawei.android.launcher.permission.CHANGE_BADGE" />
32-->[me.leolin:ShortcutBadger:1.1.22] AndroidManifest.xml:37:5-91
32-->[me.leolin:ShortcutBadger:1.1.22] AndroidManifest.xml:37:22-88
33    <uses-permission android:name="com.huawei.android.launcher.permission.READ_SETTINGS" />
33-->[me.leolin:ShortcutBadger:1.1.22] AndroidManifest.xml:38:5-92
33-->[me.leolin:ShortcutBadger:1.1.22] AndroidManifest.xml:38:22-89
34    <uses-permission android:name="com.huawei.android.launcher.permission.WRITE_SETTINGS" /> <!-- for ZUK -->
34-->[me.leolin:ShortcutBadger:1.1.22] AndroidManifest.xml:39:5-93
34-->[me.leolin:ShortcutBadger:1.1.22] AndroidManifest.xml:39:22-90
35    <uses-permission android:name="android.permission.READ_APP_BADGE" /> <!-- for OPPO -->
35-->[me.leolin:ShortcutBadger:1.1.22] AndroidManifest.xml:42:5-73
35-->[me.leolin:ShortcutBadger:1.1.22] AndroidManifest.xml:42:22-70
36    <uses-permission android:name="com.oppo.launcher.permission.READ_SETTINGS" />
36-->[me.leolin:ShortcutBadger:1.1.22] AndroidManifest.xml:45:5-82
36-->[me.leolin:ShortcutBadger:1.1.22] AndroidManifest.xml:45:22-79
37    <uses-permission android:name="com.oppo.launcher.permission.WRITE_SETTINGS" /> <!-- for EvMe -->
37-->[me.leolin:ShortcutBadger:1.1.22] AndroidManifest.xml:46:5-83
37-->[me.leolin:ShortcutBadger:1.1.22] AndroidManifest.xml:46:22-80
38    <uses-permission android:name="me.everything.badger.permission.BADGE_COUNT_READ" />
38-->[me.leolin:ShortcutBadger:1.1.22] AndroidManifest.xml:49:5-88
38-->[me.leolin:ShortcutBadger:1.1.22] AndroidManifest.xml:49:22-85
39    <uses-permission android:name="me.everything.badger.permission.BADGE_COUNT_WRITE" />
39-->[me.leolin:ShortcutBadger:1.1.22] AndroidManifest.xml:50:5-89
39-->[me.leolin:ShortcutBadger:1.1.22] AndroidManifest.xml:50:22-86
40
41    <application
41-->src/main/AndroidManifest.xml:8:5-51:19
42        android:name="com.rickandmorty.MainApplication"
42-->src/main/AndroidManifest.xml:9:7-38
43        android:allowBackup="false"
43-->src/main/AndroidManifest.xml:13:7-34
44        android:appComponentFactory="androidx.core.app.CoreComponentFactory"
44-->[androidx.core:core:1.6.0] AndroidManifest.xml:24:18-86
45        android:debuggable="true"
46        android:icon="@mipmap/ic_launcher"
46-->src/main/AndroidManifest.xml:11:7-41
47        android:label="@string/app_name"
47-->src/main/AndroidManifest.xml:10:7-39
48        android:roundIcon="@mipmap/ic_launcher_round"
48-->src/main/AndroidManifest.xml:12:7-52
49        android:theme="@style/AppTheme"
49-->src/main/AndroidManifest.xml:14:7-38
50        android:usesCleartextTraffic="true" >
50-->src/debug/AndroidManifest.xml:8:9-44
51        <activity
51-->src/debug/AndroidManifest.xml:11:9-111
52            android:name="com.facebook.react.devsupport.DevSettingsActivity"
52-->src/debug/AndroidManifest.xml:11:19-83
53            android:exported="false" />
53-->src/debug/AndroidManifest.xml:11:84-108
54        <!-- Change the value to true to enable pop-up for in foreground on receiving remote notifications (for prevent duplicating while showing local notifications set this to false) -->
55        <meta-data
55-->src/main/AndroidManifest.xml:16:9-17:44
56            android:name="com.dieam.reactnativepushnotification.notification_foreground"
56-->src/main/AndroidManifest.xml:16:21-97
57            android:value="false" /> <!-- Change the resource name to your App's accent color - or any other color you want -->
57-->src/main/AndroidManifest.xml:17:21-42
58        <meta-data
58-->src/main/AndroidManifest.xml:19:9-20:54
59            android:name="com.dieam.reactnativepushnotification.notification_color"
59-->src/main/AndroidManifest.xml:19:21-92
60            android:resource="@color/white" /> <!-- or @android:color/{name} to use a standard color -->
60-->src/main/AndroidManifest.xml:20:21-52
61        <receiver
61-->src/main/AndroidManifest.xml:22:9-132
62            android:name="com.dieam.reactnativepushnotification.modules.RNPushNotificationActions"
62-->src/main/AndroidManifest.xml:22:43-129
63            android:exported="true" />
63-->src/main/AndroidManifest.xml:22:19-42
64        <receiver
64-->src/main/AndroidManifest.xml:23:9-134
65            android:name="com.dieam.reactnativepushnotification.modules.RNPushNotificationPublisher"
65-->src/main/AndroidManifest.xml:23:43-131
66            android:exported="true" />
66-->src/main/AndroidManifest.xml:23:19-42
67        <receiver
67-->src/main/AndroidManifest.xml:24:9-30:20
68            android:name="com.dieam.reactnativepushnotification.modules.RNPushNotificationBootEventReceiver"
68-->src/main/AndroidManifest.xml:24:43-139
69            android:exported="true" >
69-->src/main/AndroidManifest.xml:24:19-42
70            <intent-filter>
70-->src/main/AndroidManifest.xml:25:13-29:29
71                <action android:name="android.intent.action.BOOT_COMPLETED" />
71-->src/main/AndroidManifest.xml:26:17-79
71-->src/main/AndroidManifest.xml:26:25-76
72                <action android:name="android.intent.action.QUICKBOOT_POWERON" />
72-->src/main/AndroidManifest.xml:27:17-82
72-->src/main/AndroidManifest.xml:27:25-79
73                <action android:name="com.htc.intent.action.QUICKBOOT_POWERON" />
73-->src/main/AndroidManifest.xml:28:17-81
73-->src/main/AndroidManifest.xml:28:25-79
74            </intent-filter>
75        </receiver>
76
77        <service
77-->src/main/AndroidManifest.xml:32:9-38:19
78            android:name="com.dieam.reactnativepushnotification.modules.RNPushNotificationListenerService"
78-->src/main/AndroidManifest.xml:33:13-107
79            android:exported="false" >
79-->src/main/AndroidManifest.xml:34:13-37
80            <intent-filter>
80-->src/main/AndroidManifest.xml:35:13-37:29
81                <action android:name="com.google.firebase.MESSAGING_EVENT" />
81-->src/main/AndroidManifest.xml:36:17-78
81-->src/main/AndroidManifest.xml:36:25-75
82            </intent-filter>
83        </service>
84
85        <activity
85-->src/main/AndroidManifest.xml:39:7-50:18
86            android:name="com.rickandmorty.MainActivity"
86-->src/main/AndroidManifest.xml:40:9-37
87            android:configChanges="keyboard|keyboardHidden|orientation|screenLayout|screenSize|smallestScreenSize|uiMode"
87-->src/main/AndroidManifest.xml:42:9-118
88            android:exported="true"
88-->src/main/AndroidManifest.xml:45:9-32
89            android:label="@string/app_name"
89-->src/main/AndroidManifest.xml:41:9-41
90            android:launchMode="singleTask"
90-->src/main/AndroidManifest.xml:43:9-40
91            android:windowSoftInputMode="adjustResize" >
91-->src/main/AndroidManifest.xml:44:9-51
92            <intent-filter>
92-->src/main/AndroidManifest.xml:46:9-49:25
93                <action android:name="android.intent.action.MAIN" />
93-->src/main/AndroidManifest.xml:47:13-65
93-->src/main/AndroidManifest.xml:47:21-62
94
95                <category android:name="android.intent.category.LAUNCHER" />
95-->src/main/AndroidManifest.xml:48:13-73
95-->src/main/AndroidManifest.xml:48:23-70
96            </intent-filter>
97        </activity>
98
99        <receiver
99-->[com.google.firebase:firebase-messaging:21.1.0] AndroidManifest.xml:28:9-35:20
100            android:name="com.google.firebase.iid.FirebaseInstanceIdReceiver"
100-->[com.google.firebase:firebase-messaging:21.1.0] AndroidManifest.xml:29:13-78
101            android:exported="true"
101-->[com.google.firebase:firebase-messaging:21.1.0] AndroidManifest.xml:30:13-36
102            android:permission="com.google.android.c2dm.permission.SEND" >
102-->[com.google.firebase:firebase-messaging:21.1.0] AndroidManifest.xml:31:13-73
103            <intent-filter>
103-->[com.google.firebase:firebase-messaging:21.1.0] AndroidManifest.xml:32:13-34:29
104                <action android:name="com.google.android.c2dm.intent.RECEIVE" />
104-->[com.google.firebase:firebase-messaging:21.1.0] AndroidManifest.xml:33:17-81
104-->[com.google.firebase:firebase-messaging:21.1.0] AndroidManifest.xml:33:25-78
105            </intent-filter>
106        </receiver>
107        <!--
108             FirebaseMessagingService performs security checks at runtime,
109             but set to not exported to explicitly avoid allowing another app to call it.
110        -->
111        <service
111-->[com.google.firebase:firebase-messaging:21.1.0] AndroidManifest.xml:41:9-48:19
112            android:name="com.google.firebase.messaging.FirebaseMessagingService"
112-->[com.google.firebase:firebase-messaging:21.1.0] AndroidManifest.xml:42:13-82
113            android:directBootAware="true"
113-->[com.google.firebase:firebase-messaging:21.1.0] AndroidManifest.xml:43:13-43
114            android:exported="false" >
114-->[com.google.firebase:firebase-messaging:21.1.0] AndroidManifest.xml:44:13-37
115            <intent-filter android:priority="-500" >
115-->src/main/AndroidManifest.xml:35:13-37:29
116                <action android:name="com.google.firebase.MESSAGING_EVENT" />
116-->src/main/AndroidManifest.xml:36:17-78
116-->src/main/AndroidManifest.xml:36:25-75
117            </intent-filter>
118        </service>
119        <service
119-->[com.google.firebase:firebase-messaging:21.1.0] AndroidManifest.xml:49:9-55:19
120            android:name="com.google.firebase.components.ComponentDiscoveryService"
120-->[com.google.firebase:firebase-messaging:21.1.0] AndroidManifest.xml:50:13-84
121            android:directBootAware="true"
121-->[com.google.firebase:firebase-common:19.5.0] AndroidManifest.xml:35:13-43
122            android:exported="false" >
122-->[com.google.firebase:firebase-messaging:21.1.0] AndroidManifest.xml:51:13-37
123            <meta-data
123-->[com.google.firebase:firebase-messaging:21.1.0] AndroidManifest.xml:52:13-54:85
124                android:name="com.google.firebase.components:com.google.firebase.messaging.FirebaseMessagingRegistrar"
124-->[com.google.firebase:firebase-messaging:21.1.0] AndroidManifest.xml:53:17-119
125                android:value="com.google.firebase.components.ComponentRegistrar" />
125-->[com.google.firebase:firebase-messaging:21.1.0] AndroidManifest.xml:54:17-82
126            <meta-data
126-->[com.google.firebase:firebase-datatransport:17.0.10] AndroidManifest.xml:28:13-30:85
127                android:name="com.google.firebase.components:com.google.firebase.datatransport.TransportRegistrar"
127-->[com.google.firebase:firebase-datatransport:17.0.10] AndroidManifest.xml:29:17-115
128                android:value="com.google.firebase.components.ComponentRegistrar" />
128-->[com.google.firebase:firebase-datatransport:17.0.10] AndroidManifest.xml:30:17-82
129            <meta-data
129-->[com.google.firebase:firebase-iid:21.1.0] AndroidManifest.xml:32:13-34:85
130                android:name="com.google.firebase.components:com.google.firebase.iid.Registrar"
130-->[com.google.firebase:firebase-iid:21.1.0] AndroidManifest.xml:33:17-96
131                android:value="com.google.firebase.components.ComponentRegistrar" />
131-->[com.google.firebase:firebase-iid:21.1.0] AndroidManifest.xml:34:17-82
132            <meta-data
132-->[com.google.firebase:firebase-installations:16.3.5] AndroidManifest.xml:18:13-20:85
133                android:name="com.google.firebase.components:com.google.firebase.installations.FirebaseInstallationsRegistrar"
133-->[com.google.firebase:firebase-installations:16.3.5] AndroidManifest.xml:19:17-127
134                android:value="com.google.firebase.components.ComponentRegistrar" />
134-->[com.google.firebase:firebase-installations:16.3.5] AndroidManifest.xml:20:17-82
135            <!--
136                This registrar is not defined in the dynamic-module-support sdk itself to allow non-firebase
137                clients to use it as well, by defining this registrar in their own core/common library.
138            -->
139            <meta-data
139-->[com.google.firebase:firebase-common:19.5.0] AndroidManifest.xml:43:13-45:85
140                android:name="com.google.firebase.components:com.google.firebase.dynamicloading.DynamicLoadingRegistrar"
140-->[com.google.firebase:firebase-common:19.5.0] AndroidManifest.xml:44:17-121
141                android:value="com.google.firebase.components.ComponentRegistrar" />
141-->[com.google.firebase:firebase-common:19.5.0] AndroidManifest.xml:45:17-82
142        </service>
143        <service
143-->[com.google.android.datatransport:transport-backend-cct:2.3.3] AndroidManifest.xml:29:9-35:19
144            android:name="com.google.android.datatransport.runtime.backends.TransportBackendDiscovery"
144-->[com.google.android.datatransport:transport-backend-cct:2.3.3] AndroidManifest.xml:30:13-103
145            android:exported="false" >
145-->[com.google.android.datatransport:transport-backend-cct:2.3.3] AndroidManifest.xml:31:13-37
146            <meta-data
146-->[com.google.android.datatransport:transport-backend-cct:2.3.3] AndroidManifest.xml:32:13-34:39
147                android:name="backend:com.google.android.datatransport.cct.CctBackendFactory"
147-->[com.google.android.datatransport:transport-backend-cct:2.3.3] AndroidManifest.xml:33:17-94
148                android:value="cct" />
148-->[com.google.android.datatransport:transport-backend-cct:2.3.3] AndroidManifest.xml:34:17-36
149        </service>
150        <service
150-->[com.google.android.datatransport:transport-runtime:2.2.5] AndroidManifest.xml:26:9-30:19
151            android:name="com.google.android.datatransport.runtime.scheduling.jobscheduling.JobInfoSchedulerService"
151-->[com.google.android.datatransport:transport-runtime:2.2.5] AndroidManifest.xml:27:13-117
152            android:exported="false"
152-->[com.google.android.datatransport:transport-runtime:2.2.5] AndroidManifest.xml:28:13-37
153            android:permission="android.permission.BIND_JOB_SERVICE" >
153-->[com.google.android.datatransport:transport-runtime:2.2.5] AndroidManifest.xml:29:13-69
154        </service>
155
156        <receiver
156-->[com.google.android.datatransport:transport-runtime:2.2.5] AndroidManifest.xml:32:9-34:40
157            android:name="com.google.android.datatransport.runtime.scheduling.jobscheduling.AlarmManagerSchedulerBroadcastReceiver"
157-->[com.google.android.datatransport:transport-runtime:2.2.5] AndroidManifest.xml:33:13-132
158            android:exported="false" />
158-->[com.google.android.datatransport:transport-runtime:2.2.5] AndroidManifest.xml:34:13-37
159
160        <provider
160-->[com.google.firebase:firebase-common:19.5.0] AndroidManifest.xml:26:9-31:39
161            android:name="com.google.firebase.provider.FirebaseInitProvider"
161-->[com.google.firebase:firebase-common:19.5.0] AndroidManifest.xml:27:13-77
162            android:authorities="com.rickandmorty.firebaseinitprovider"
162-->[com.google.firebase:firebase-common:19.5.0] AndroidManifest.xml:28:13-72
163            android:directBootAware="true"
163-->[com.google.firebase:firebase-common:19.5.0] AndroidManifest.xml:29:13-43
164            android:exported="false"
164-->[com.google.firebase:firebase-common:19.5.0] AndroidManifest.xml:30:13-37
165            android:initOrder="100" />
165-->[com.google.firebase:firebase-common:19.5.0] AndroidManifest.xml:31:13-36
166
167        <meta-data
167-->[com.google.android.gms:play-services-basement:17.0.0] AndroidManifest.xml:23:9-25:69
168            android:name="com.google.android.gms.version"
168-->[com.google.android.gms:play-services-basement:17.0.0] AndroidManifest.xml:24:13-58
169            android:value="@integer/google_play_services_version" />
169-->[com.google.android.gms:play-services-basement:17.0.0] AndroidManifest.xml:25:13-66
170    </application>
171
172</manifest>